Change Component DesignItemId : Designator=R6 Old DesignItemId=R_100KOhm_0402 New DesignItemId=R_100KOhm_1206
Change Component DesignItemId : Designator=R8 Old DesignItemId=R_100KOhm_0402 New DesignItemId=R_100KOhm_1206
Change Component Footprint: Designator=R6 Old Footprint=0402_Passive_Resistor New Footprint=1206_Passive_Resitor
Change Component Footprint: Designator=R8 Old Footprint=0402_Passive_Resistor New Footprint=1206_Passive_Resitor
Change Component Comment : Designator=R6 Old Comment=10k New Comment=100KOhm
Change Component Comment : Designator=R8 Old Comment=10k New Comment=100KOhm
Change Component Description : Designator=R6 Old Description=CHIP RESISTOR - SURFACE MOUNT 100KOHMS ±1% 1/16W 0402 ROHS New Description=100kO ±1% 0.25W ±100ppm/? 1206 Chip Resistor - Surface Mount RoHS
Change Component Description : Designator=R8 Old Description=CHIP RESISTOR - SURFACE MOUNT 100KOHMS ±1% 1/16W 0402 ROHS New Description=100kO ±1% 0.25W ±100ppm/? 1206 Chip Resistor - Surface Mount RoHS
Change component parameters: Designator = "R6" ("R6"); Footprint = "0402_Passive_Resistor"; UniqueID = "\BFBNZZJI" ("\BFBNZZJI")
Change component parameters (AddParameter): Name = "Datasheet"; Value = "https://datasheet.lcsc.com/lcsc/1810301421_UNI-ROYAL-Uniroyal-Elec-1206W4F1003T5E_C17900.pdf"; VariantName = "[No Variations]"
Change component parameters (AddParameter): Name = "LCSC Part#"; Value = "C17900"; VariantName = "[No Variations]"
Change component parameters (AddParameter): Name = "MFR Part #"; Value = "1206W4F1003T5E"; VariantName = "[No Variations]"
Change component parameters (AddParameter): Name = "Type"; Value = "Basic"; VariantName = "[No Variations]"
Change component parameters (AddParameter): Name = "Value"; Value = "100KOhm"; VariantName = "[No Variations]"
Change component parameters: Designator = "R8" ("R8"); Footprint = "0402_Passive_Resistor"; UniqueID = "\HDBRMYSL" ("\HDBRMYSL")
Change component parameters (AddParameter): Name = "Datasheet"; Value = "https://datasheet.lcsc.com/lcsc/1810301421_UNI-ROYAL-Uniroyal-Elec-1206W4F1003T5E_C17900.pdf"; VariantName = "[No Variations]"
Change component parameters (AddParameter): Name = "LCSC Part#"; Value = "C17900"; VariantName = "[No Variations]"
Change component parameters (AddParameter): Name = "MFR Part #"; Value = "1206W4F1003T5E"; VariantName = "[No Variations]"
Change component parameters (AddParameter): Name = "Type"; Value = "Basic"; VariantName = "[No Variations]"
Change component parameters (AddParameter): Name = "Value"; Value = "100KOhm"; VariantName = "[No Variations]"
